<?xml version="1.0" encoding="UTF-8"?>
<!-- Generated by org.testng.reporters.JUnitXMLReporter -->
<testsuite ignored="0" hostname="Veerendra" failures="0" tests="6" name="Default test" time="14.218" errors="0" timestamp="2024-07-19T17:25:57 IST">
  <testcase classname="api.tests.DataProviderTests" name="testPostUser" time="4.753"/>
  <testcase classname="api.tests.DataProviderTests" name="testPostUser" time="1.262"/>
  <testcase classname="api.tests.DataProviderTests" name="testPostUser" time="1.183"/>
  <testcase classname="api.tests.DataProviderTests" name="testDeleteUser" time="1.162"/>
  <testcase classname="api.tests.DataProviderTests" name="testDeleteUser" time="1.077"/>
  <testcase classname="api.tests.DataProviderTests" name="testDeleteUser" time="1.171"/>
</testsuite> <!-- Default test -->
