<?xml version="1.0" encoding="UTF-8"?>
<!-- Generated by org.testng.reporters.JUnitXMLReporter -->
<testsuite ignored="0" hostname="Veerendra" failures="0" tests="4" name="Test" time="12.309" errors="0" timestamp="2024-07-20T11:48:03 IST">
  <testcase classname="api.tests.UserTests2" name="testCreateUser" time="5.876"/>
  <testcase classname="api.tests.UserTests2" name="testGetUser" time="1.408"/>
  <testcase classname="api.tests.UserTests2" name="testUpdateUser" time="2.47"/>
  <testcase classname="api.tests.UserTests2" name="testDeleteUser" time="1.204"/>
</testsuite> <!-- Test -->
