<?xml version="1.0" encoding="UTF-8"?>
<testng-results ignored="0" total="4" passed="4" failed="0" skipped="0">
  <reporter-output>
  </reporter-output>
  <suite started-at="2024-07-20T11:47:50 IST" name="Suite" finished-at="2024-07-20T11:48:02 IST" duration-ms="12309">
    <groups>
    </groups>
    <test started-at="2024-07-20T11:47:50 IST" name="Test" finished-at="2024-07-20T11:48:02 IST" duration-ms="12309">
      <class name="api.tests.UserTests2">
        <test-method is-config="true" signature="setupData()[pri:0, instance:api.tests.UserTests2@7fa98a66]" started-at="2024-07-20T11:47:50 IST" name="setupData" finished-at="2024-07-20T11:47:51 IST" duration-ms="813" status="PASS">
          <reporter-output>
          </reporter-output>
        </test-method> <!-- setupData -->
        <test-method signature="testCreateUser()[pri:1, instance:api.tests.UserTests2@7fa98a66]" started-at="2024-07-20T11:47:51 IST" name="testCreateUser" finished-at="2024-07-20T11:47:57 IST" duration-ms="5876" status="PASS">
          <reporter-output>
          </reporter-output>
        </test-method> <!-- testCreateUser -->
        <test-method signature="testGetUser()[pri:2, instance:api.tests.UserTests2@7fa98a66]" started-at="2024-07-20T11:47:57 IST" name="testGetUser" finished-at="2024-07-20T11:47:59 IST" duration-ms="1408" status="PASS">
          <reporter-output>
          </reporter-output>
        </test-method> <!-- testGetUser -->
        <test-method signature="testUpdateUser()[pri:3, instance:api.tests.UserTests2@7fa98a66]" started-at="2024-07-20T11:47:59 IST" name="testUpdateUser" finished-at="2024-07-20T11:48:01 IST" duration-ms="2470" status="PASS">
          <reporter-output>
          </reporter-output>
        </test-method> <!-- testUpdateUser -->
        <test-method signature="testDeleteUser()[pri:4, instance:api.tests.UserTests2@7fa98a66]" started-at="2024-07-20T11:48:01 IST" name="testDeleteUser" finished-at="2024-07-20T11:48:02 IST" duration-ms="1204" status="PASS">
          <reporter-output>
          </reporter-output>
        </test-method> <!-- testDeleteUser -->
      </class> <!-- api.tests.UserTests2 -->
    </test> <!-- Test -->
  </suite> <!-- Suite -->
</testng-results>
