<?xml version="1.0" encoding="UTF-8"?>
<testsuite xmlns:xsi="http://www.w3.org/2001/XMLSchema-instance" xsi:noNamespaceSchemaLocation="https://maven.apache.org/surefire/maven-surefire-plugin/xsd/surefire-test-report.xsd" version="3.0.2" name="TestSuite" time="14.557" tests="4" errors="0" skipped="0" failures="0">
  <properties>
[...]
</properties>
  <testcase name="testCreateUser" classname="api.tests.UserTests2" time="5.881">
    <system-out><![CDATA[Request URI:	https://petstore.swagger.io/v2/user
Body:
{
    "id": 481511146,
    "username": "courtney.shields",
    "firstName": "Everett",
    "lastName": "Kautzer",
    "email": "nolan.tillman@example.com",
    "password": "9135k77",
    "phone": "1-117-791-4892",
    "userStatus": 0
}
courtney.shields
HTTP/1.1 200 OK
Date: Sat, 20 Jul 2024 06:17:57 GMT
Content-Type: application/json
Transfer-Encoding: chunked
Connection: keep-alive
Access-Control-Allow-Origin: *
Access-Control-Allow-Methods: GET, POST, DELETE, PUT
Access-Control-Allow-Headers: Content-Type, api_key, Authorization
Server: Jetty(9.2.9.v20150224)

{
    "code": 200,
    "type": "unknown",
    "message": "481511146"
}
]]></system-out>
    <system-err><![CDATA[SLF4J: Failed to load class "org.slf4j.impl.StaticLoggerBinder".
SLF4J: Defaulting to no-operation (NOP) logger implementation
SLF4J: See http://www.slf4j.org/codes.html#StaticLoggerBinder for further details.
]]></system-err>
  </testcase>
  <testcase name="testGetUser" classname="api.tests.UserTests2" time="1.395">
    <system-out><![CDATA[courtney.shields
Request URI:	https://petstore.swagger.io/v2/user/courtney.shields
HTTP/1.1 200 OK
Date: Sat, 20 Jul 2024 06:17:58 GMT
Content-Type: application/json
Transfer-Encoding: chunked
Connection: keep-alive
Access-Control-Allow-Origin: *
Access-Control-Allow-Methods: GET, POST, DELETE, PUT
Access-Control-Allow-Headers: Content-Type, api_key, Authorization
Server: Jetty(9.2.9.v20150224)

{
    "id": 481511146,
    "username": "courtney.shields",
    "firstName": "Everett",
    "lastName": "Kautzer",
    "email": "nolan.tillman@example.com",
    "password": "9135k77",
    "phone": "1-117-791-4892",
    "userStatus": 0
}
]]></system-out>
  </testcase>
  <testcase name="testUpdateUser" classname="api.tests.UserTests2" time="2.471">
    <system-out><![CDATA[Request URI:	https://petstore.swagger.io/v2/user/arlen.sanford
HTTP/1.1 200 OK
Date: Sat, 20 Jul 2024 06:17:59 GMT
Content-Type: application/json
Transfer-Encoding: chunked
Connection: keep-alive
Access-Control-Allow-Origin: *
Access-Control-Allow-Methods: GET, POST, DELETE, PUT
Access-Control-Allow-Headers: Content-Type, api_key, Authorization
Server: Jetty(9.2.9.v20150224)

{
    "code": 200,
    "type": "unknown",
    "message": "481511146"
}
arlen.sanford
Request URI:	https://petstore.swagger.io/v2/user/arlen.sanford
{
    "id": 481511146,
    "username": "arlen.sanford",
    "firstName": "Royal",
    "lastName": "Zboncak",
    "email": "nolan.tillman@example.com",
    "password": "9135k77",
    "phone": "1-117-791-4892",
    "userStatus": 0
}
]]></system-out>
  </testcase>
  <testcase name="testDeleteUser" classname="api.tests.UserTests2" time="1.217">
    <system-out><![CDATA[HTTP/1.1 200 OK
Date: Sat, 20 Jul 2024 06:18:02 GMT
Content-Type: application/json
Transfer-Encoding: chunked
Connection: keep-alive
Access-Control-Allow-Origin: *
Access-Control-Allow-Methods: GET, POST, DELETE, PUT
Access-Control-Allow-Headers: Content-Type, api_key, Authorization
Server: Jetty(9.2.9.v20150224)

{
    "code": 200,
    "type": "unknown",
    "message": "arlen.sanford"
}
]]></system-out>
  </testcase>
</testsuite>