<?xml version="1.0" encoding="UTF-8"?>
<testng-results ignored="0" total="4" passed="4" failed="0" skipped="0">
  <reporter-output>
  </reporter-output>
  <suite started-at="2024-07-19T19:04:07 IST" name="Suite" finished-at="2024-07-19T19:04:15 IST" duration-ms="8000">
    <groups>
    </groups>
    <test started-at="2024-07-19T19:04:07 IST" name="Test" finished-at="2024-07-19T19:04:15 IST" duration-ms="8000">
      <class name="api.tests.UserTests2">
        <test-method is-config="true" signature="setupData()[pri:0, instance:api.tests.UserTests2@71d44a3]" started-at="2024-07-19T19:04:08 IST" name="setupData" finished-at="2024-07-19T19:04:08 IST" duration-ms="212" status="PASS">
          <reporter-output>
          </reporter-output>
        </test-method> <!-- setupData -->
        <test-method signature="testCreateUser()[pri:1, instance:api.tests.UserTests2@71d44a3]" started-at="2024-07-19T19:04:08 IST" name="testCreateUser" finished-at="2024-07-19T19:04:11 IST" duration-ms="3003" status="PASS">
          <reporter-output>
          </reporter-output>
        </test-method> <!-- testCreateUser -->
        <test-method signature="testGetUser()[pri:2, instance:api.tests.UserTests2@71d44a3]" started-at="2024-07-19T19:04:11 IST" name="testGetUser" finished-at="2024-07-19T19:04:12 IST" duration-ms="1177" status="PASS">
          <reporter-output>
          </reporter-output>
        </test-method> <!-- testGetUser -->
        <test-method signature="testUpdateUser()[pri:3, instance:api.tests.UserTests2@71d44a3]" started-at="2024-07-19T19:04:12 IST" name="testUpdateUser" finished-at="2024-07-19T19:04:14 IST" duration-ms="2212" status="PASS">
          <reporter-output>
          </reporter-output>
        </test-method> <!-- testUpdateUser -->
        <test-method signature="testDeleteUser()[pri:4, instance:api.tests.UserTests2@71d44a3]" started-at="2024-07-19T19:04:14 IST" name="testDeleteUser" finished-at="2024-07-19T19:04:15 IST" duration-ms="1092" status="PASS">
          <reporter-output>
          </reporter-output>
        </test-method> <!-- testDeleteUser -->
      </class> <!-- api.tests.UserTests2 -->
    </test> <!-- Test -->
  </suite> <!-- Suite -->
</testng-results>
